<?xml version="1.0" encoding="UTF-8"?>
<testng-results skipped="0" failed="1" ignored="0" total="1" passed="0">
  <reporter-output>
  </reporter-output>
  <suite name="Default suite" duration-ms="1248" started-at="2017-12-21T06:17:40Z" finished-at="2017-12-21T06:17:41Z">
    <groups>
    </groups>
    <test name="Default test" duration-ms="1248" started-at="2017-12-21T06:17:40Z" finished-at="2017-12-21T06:17:41Z">
      <class name="testcases.TC003_EditLead">
        <test-method status="PASS" signature="beforeSuite()[pri:0, instance:testcases.TC003_EditLead@c0a365]" name="beforeSuite" is-config="true" duration-ms="812" started-at="2017-12-21T11:47:39Z" finished-at="2017-12-21T11:47:40Z">
          <reporter-output>
          </reporter-output>
        </test-method> <!-- beforeSuite -->
        <test-method status="PASS" signature="beforeTest()[pri:0, instance:testcases.TC003_EditLead@c0a365]" name="beforeTest" is-config="true" duration-ms="0" started-at="2017-12-21T11:47:40Z" finished-at="2017-12-21T11:47:40Z">
          <reporter-output>
          </reporter-output>
        </test-method> <!-- beforeTest -->
        <test-method status="PASS" signature="setData()[pri:0, instance:testcases.TC003_EditLead@c0a365]" name="setData" is-config="true" duration-ms="0" started-at="2017-12-21T11:47:40Z" finished-at="2017-12-21T11:47:40Z">
          <reporter-output>
          </reporter-output>
        </test-method> <!-- setData -->
        <test-method status="FAIL" signature="editLeadTestCase(java.lang.String, java.lang.String, java.lang.String, java.lang.String, java.lang.String)[pri:0, instance:testcases.TC003_EditLead@c0a365]" name="editLeadTestCase" duration-ms="1203" started-at="2017-12-21T11:47:40Z" data-provider="fetchData" finished-at="2017-12-21T11:47:41Z">
          <exception class="org.testng.internal.reflect.MethodMatcherException">
            <message>
              <![CDATA[Data provider mismatchMethod: editLeadTestCase([Parameter{index=0, type=java.lang.String, declaredAnnotations=[]}, Parameter{index=1, type=java.lang.String, declaredAnnotations=[]}, Parameter{index=2, type=java.lang.String, declaredAnnotations=[]}, Parameter{index=3, type=java.lang.String, declaredAnnotations=[]}, Parameter{index=4, type=java.lang.String, declaredAnnotations=[]}])Arguments: [(java.lang.String) DemoSalesManager,(java.lang.String) crmsfa,(java.lang.String) o,(java.lang.String) CGI]]]>
            </message>
            <full-stacktrace>
              <![CDATA[org.testng.internal.reflect.MethodMatcherException: Data provider mismatchMethod: editLeadTestCase([Parameter{index=0, type=java.lang.String, declaredAnnotations=[]}, Parameter{index=1, type=java.lang.String, declaredAnnotations=[]}, Parameter{index=2, type=java.lang.String, declaredAnnotations=[]}, Parameter{index=3, type=java.lang.String, declaredAnnotations=[]}, Parameter{index=4, type=java.lang.String, declaredAnnotations=[]}])Arguments: [(java.lang.String) DemoSalesManager,(java.lang.String) crmsfa,(java.lang.String) o,(java.lang.String) CGI]at org.testng.internal.reflect.DataProviderMethodMatcher.getConformingArguments(DataProviderMethodMatcher.java:45)at org.testng.internal.Parameters.injectParameters(Parameters.java:796)at org.testng.internal.Invoker.invokeTestMethods(Invoker.java:973)at org.testng.internal.TestMethodWorker.invokeTestMethods(TestMethodWorker.java:125)at org.testng.internal.TestMethodWorker.run(TestMethodWorker.java:109)at org.testng.TestRunner.privateRun(TestRunner.java:648)at org.testng.TestRunner.run(TestRunner.java:505)at org.testng.SuiteRunner.runTest(SuiteRunner.java:455)at org.testng.SuiteRunner.runSequentially(SuiteRunner.java:450)at org.testng.SuiteRunner.privateRun(SuiteRunner.java:415)at org.testng.SuiteRunner.run(SuiteRunner.java:364)at org.testng.SuiteRunnerWorker.runSuite(SuiteRunnerWorker.java:52)at org.testng.SuiteRunnerWorker.run(SuiteRunnerWorker.java:84)at org.testng.TestNG.runSuitesSequentially(TestNG.java:1187)at org.testng.TestNG.runSuitesLocally(TestNG.java:1116)at org.testng.TestNG.runSuites(TestNG.java:1028)at org.testng.TestNG.run(TestNG.java:996)at org.testng.remote.AbstractRemoteTestNG.run(AbstractRemoteTestNG.java:114)at org.testng.remote.RemoteTestNG.initAndRun(RemoteTestNG.java:251)at org.testng.remote.RemoteTestNG.main(RemoteTestNG.java:77)]]>
            </full-stacktrace>
          </exception> <!-- org.testng.internal.reflect.MethodMatcherException -->
          <reporter-output>
          </reporter-output>
        </test-method> <!-- editLeadTestCase -->
        <test-method status="PASS" signature="afterTest()[pri:0, instance:testcases.TC003_EditLead@c0a365]" name="afterTest" is-config="true" duration-ms="0" started-at="2017-12-21T11:47:41Z" finished-at="2017-12-21T11:47:41Z">
          <reporter-output>
          </reporter-output>
        </test-method> <!-- afterTest -->
        <test-method status="PASS" signature="afterSuite()[pri:0, instance:testcases.TC003_EditLead@c0a365]" name="afterSuite" is-config="true" duration-ms="626" started-at="2017-12-21T11:47:41Z" finished-at="2017-12-21T11:47:42Z">
          <reporter-output>
          </reporter-output>
        </test-method> <!-- afterSuite -->
      </class> <!-- testcases.TC003_EditLead -->
    </test> <!-- Default test -->
  </suite> <!-- Default suite -->
</testng-results>
